[0128/154452.558:ERROR:process_info.cc(98)] ReadProcessMemory UNICODE_STRING: Only part of a ReadProcessMemory or WriteProcessMemory request was completed. (0x12B)
[0128/154452.570:ERROR:process_info.cc(551)] ReadProcessData failed
[0128/154452.570:ERROR:scoped_process_suspend.cc(40)] NtResumeProcess: An attempt was made to access an exiting process. (0xc000010a)
[0204/232651.237:ERROR:file_io.cc(89)] ReadExactly: expected 36, observed 0
[0921/142816.250:ERROR:process_reader_win.cc(151)] SuspendThread: Access is denied. (0x5)
[0921/142816.271:ERROR:process_reader_win.cc(123)] NtOpenThread: {Access Denied} A process has requested access to an object, but has not been granted those access rights. (0xc0000022)
[0921/142816.310:ERROR:exception_snapshot_win.cc(99)] thread ID 12716 not found in process
[0921/142816.382:ERROR:process_reader_win.cc(123)] NtOpenThread: {Access Denied} A process has requested access to an object, but has not been granted those access rights. (0xc0000022)
[0921/142816.382:ERROR:exception_snapshot_win.cc(99)] thread ID 10988 not found in process
[0921/143547.698:ERROR:process_reader_win.cc(151)] SuspendThread: Access is denied. (0x5)
[0921/143547.700:ERROR:process_reader_win.cc(151)] SuspendThread: Access is denied. (0x5)
[0921/143547.700:ERROR:process_reader_win.cc(151)] SuspendThread: Access is denied. (0x5)
[0921/143547.700:ERROR:process_reader_win.cc(151)] SuspendThread: Access is denied. (0x5)
[0921/143547.700:ERROR:process_reader_win.cc(151)] SuspendThread: Access is denied. (0x5)
[0921/143547.700:ERROR:process_reader_win.cc(151)] SuspendThread: Access is denied. (0x5)
[0921/143547.700:ERROR:process_reader_win.cc(151)] SuspendThread: Access is denied. (0x5)
[0921/143547.700:ERROR:process_reader_win.cc(151)] SuspendThread: Access is denied. (0x5)
[0921/143547.700:ERROR:process_reader_win.cc(151)] SuspendThread: Access is denied. (0x5)
[0921/143547.700:ERROR:process_reader_win.cc(151)] SuspendThread: Access is denied. (0x5)
[0921/143547.700:ERROR:process_reader_win.cc(151)] SuspendThread: Access is denied. (0x5)
[0921/143547.700:ERROR:process_reader_win.cc(151)] SuspendThread: Access is denied. (0x5)
[0921/143547.700:ERROR:process_reader_win.cc(151)] SuspendThread: Access is denied. (0x5)
[0921/143547.700:ERROR:process_reader_win.cc(151)] SuspendThread: Access is denied. (0x5)
[0921/143547.700:ERROR:process_reader_win.cc(151)] SuspendThread: Access is denied. (0x5)
[0921/143547.700:ERROR:process_reader_win.cc(151)] SuspendThread: Access is denied. (0x5)
[0921/143547.700:ERROR:process_reader_win.cc(151)] SuspendThread: Access is denied. (0x5)
[0921/143547.700:ERROR:process_reader_win.cc(123)] NtOpenThread: {Access Denied} A process has requested access to an object, but has not been granted those access rights. (0xc0000022)
[0921/143547.702:ERROR:exception_snapshot_win.cc(99)] thread ID 856 not found in process
[0921/143547.753:ERROR:process_reader_win.cc(151)] SuspendThread: Access is denied. (0x5)
[0921/143547.753:ERROR:process_reader_win.cc(123)] NtOpenThread: {Access Denied} A process has requested access to an object, but has not been granted those access rights. (0xc0000022)
[0921/143547.753:ERROR:exception_snapshot_win.cc(99)] thread ID 14288 not found in process
[0921/143547.791:ERROR:process_reader_win.cc(151)] SuspendThread: Access is denied. (0x5)
[0921/143547.791:ERROR:process_reader_win.cc(151)] SuspendThread: Access is denied. (0x5)
[0921/143547.791:ERROR:process_reader_win.cc(151)] SuspendThread: Access is denied. (0x5)
[0921/143547.791:ERROR:process_reader_win.cc(151)] SuspendThread: Access is denied. (0x5)
[0921/143547.791:ERROR:process_reader_win.cc(151)] SuspendThread: Access is denied. (0x5)
[0921/143547.791:ERROR:process_reader_win.cc(123)] NtOpenThread: {Access Denied} A process has requested access to an object, but has not been granted those access rights. (0xc0000022)
[0921/143547.791:ERROR:exception_snapshot_win.cc(99)] thread ID 14000 not found in process
[0921/151839.513:ERROR:process_reader_win.cc(151)] SuspendThread: Access is denied. (0x5)
[0921/151839.556:ERROR:process_reader_win.cc(151)] SuspendThread: Access is denied. (0x5)
[0921/151839.574:ERROR:process_reader_win.cc(123)] NtOpenThread: {Access Denied} A process has requested access to an object, but has not been granted those access rights. (0xc0000022)
[0921/151839.550:ERROR:process_reader_win.cc(123)] NtOpenThread: {Access Denied} A process has requested access to an object, but has not been granted those access rights. (0xc0000022)
[0921/151839.601:ERROR:exception_snapshot_win.cc(99)] thread ID 11536 not found in process
[0921/151839.601:ERROR:exception_snapshot_win.cc(99)] thread ID 5644 not found in process
[0921/163600.280:ERROR:process_reader_win.cc(151)] SuspendThread: Access is denied. (0x5)
[0921/163600.291:ERROR:process_reader_win.cc(151)] SuspendThread: Access is denied. (0x5)
[0921/163600.322:ERROR:process_reader_win.cc(123)] NtOpenThread: {Access Denied} A process has requested access to an object, but has not been granted those access rights. (0xc0000022)
[0921/163600.354:ERROR:exception_snapshot_win.cc(99)] thread ID 8872 not found in process
[0921/163600.330:ERROR:process_reader_win.cc(123)] NtOpenThread: {Access Denied} A process has requested access to an object, but has not been granted those access rights. (0xc0000022)
[0921/163600.361:ERROR:exception_snapshot_win.cc(99)] thread ID 232 not found in process
[0921/163600.364:ERROR:process_reader_win.cc(123)] NtOpenThread: {Access Denied} A process has requested access to an object, but has not been granted those access rights. (0xc0000022)
[0921/163600.364:ERROR:exception_snapshot_win.cc(99)] thread ID 10680 not found in process
[0921/163952.242:ERROR:process_reader_win.cc(151)] SuspendThread: Access is denied. (0x5)
[0921/163952.243:ERROR:process_reader_win.cc(123)] NtOpenThread: {Access Denied} A process has requested access to an object, but has not been granted those access rights. (0xc0000022)
[0921/163952.244:ERROR:exception_snapshot_win.cc(99)] thread ID 5012 not found in process
[0921/163952.269:ERROR:process_reader_win.cc(123)] NtOpenThread: {Access Denied} A process has requested access to an object, but has not been granted those access rights. (0xc0000022)
[0921/163952.269:ERROR:exception_snapshot_win.cc(99)] thread ID 11136 not found in process
[0921/165936.788:ERROR:process_reader_win.cc(151)] SuspendThread: Access is denied. (0x5)
[0921/165936.790:ERROR:process_reader_win.cc(151)] SuspendThread: Access is denied. (0x5)
[0921/165936.790:ERROR:process_reader_win.cc(123)] NtOpenThread: {Access Denied} A process has requested access to an object, but has not been granted those access rights. (0xc0000022)
[0921/165936.790:ERROR:exception_snapshot_win.cc(99)] thread ID 11940 not found in process
[0921/165936.824:ERROR:process_reader_win.cc(151)] SuspendThread: Access is denied. (0x5)
[0921/165936.824:ERROR:process_reader_win.cc(151)] SuspendThread: Access is denied. (0x5)
[0921/165936.824:ERROR:process_reader_win.cc(151)] SuspendThread: Access is denied. (0x5)
[0921/165936.824:ERROR:process_reader_win.cc(151)] SuspendThread: Access is denied. (0x5)
[0921/165936.824:ERROR:process_reader_win.cc(123)] NtOpenThread: {Access Denied} A process has requested access to an object, but has not been granted those access rights. (0xc0000022)
[0921/165936.824:ERROR:exception_snapshot_win.cc(99)] thread ID 13996 not found in process
[0921/185439.891:ERROR:process_reader_win.cc(151)] SuspendThread: Access is denied. (0x5)
[0921/185440.429:ERROR:process_reader_win.cc(151)] SuspendThread: Access is denied. (0x5)
[0921/185440.429:ERROR:process_reader_win.cc(151)] SuspendThread: Access is denied. (0x5)
[0921/185440.429:ERROR:process_reader_win.cc(151)] SuspendThread: Access is denied. (0x5)
[0921/185440.429:ERROR:process_reader_win.cc(151)] SuspendThread: Access is denied. (0x5)
[0921/185440.429:ERROR:process_reader_win.cc(123)] NtOpenThread: {Access Denied} A process has requested access to an object, but has not been granted those access rights. (0xc0000022)
[0921/185440.429:ERROR:exception_snapshot_win.cc(99)] thread ID 12212 not found in process
[0921/185439.899:ERROR:process_reader_win.cc(123)] NtOpenThread: {Access Denied} A process has requested access to an object, but has not been granted those access rights. (0xc0000022)
[0921/185440.502:ERROR:exception_snapshot_win.cc(99)] thread ID 7724 not found in process
[0921/185440.504:ERROR:scoped_process_suspend.cc(40)] NtResumeProcess: An attempt was made to access an exiting process. (0xc000010a)
[0921/194654.059:ERROR:process_reader_win.cc(123)] NtOpenThread: {Access Denied} A process has requested access to an object, but has not been granted those access rights. (0xc0000022)
[0921/194654.061:ERROR:exception_snapshot_win.cc(99)] thread ID 9500 not found in process
[0921/194654.077:ERROR:process_reader_win.cc(123)] NtOpenThread: {Access Denied} A process has requested access to an object, but has not been granted those access rights. (0xc0000022)
[0921/194654.077:ERROR:exception_snapshot_win.cc(99)] thread ID 5364 not found in process
[0921/195108.014:ERROR:process_reader_win.cc(151)] SuspendThread: Access is denied. (0x5)
[0921/195108.015:ERROR:process_reader_win.cc(151)] SuspendThread: Access is denied. (0x5)
[0921/195108.015:ERROR:process_reader_win.cc(123)] NtOpenThread: {Access Denied} A process has requested access to an object, but has not been granted those access rights. (0xc0000022)
[0921/195108.015:ERROR:exception_snapshot_win.cc(99)] thread ID 12264 not found in process
[0921/195108.045:ERROR:process_reader_win.cc(151)] SuspendThread: Access is denied. (0x5)
[0921/195108.046:ERROR:process_reader_win.cc(151)] SuspendThread: Access is denied. (0x5)
[0921/195108.046:ERROR:process_reader_win.cc(151)] SuspendThread: Access is denied. (0x5)
[0921/195108.046:ERROR:process_reader_win.cc(151)] SuspendThread: Access is denied. (0x5)
[0921/195108.046:ERROR:process_reader_win.cc(151)] SuspendThread: Access is denied. (0x5)
[0921/195108.046:ERROR:process_reader_win.cc(151)] SuspendThread: Access is denied. (0x5)
[0921/195108.046:ERROR:process_reader_win.cc(123)] NtOpenThread: {Access Denied} A process has requested access to an object, but has not been granted those access rights. (0xc0000022)
[0921/195108.046:ERROR:exception_snapshot_win.cc(99)] thread ID 3052 not found in process
[0921/214845.442:ERROR:process_reader_win.cc(123)] NtOpenThread: {Access Denied} A process has requested access to an object, but has not been granted those access rights. (0xc0000022)
[0921/214845.458:ERROR:exception_snapshot_win.cc(99)] thread ID 7332 not found in process
[0921/214845.533:ERROR:process_reader_win.cc(123)] NtOpenThread: {Access Denied} A process has requested access to an object, but has not been granted those access rights. (0xc0000022)
[0921/214845.533:ERROR:exception_snapshot_win.cc(99)] thread ID 10752 not found in process
